Starting AI Crossroads content creation process...

Concept Developer is executing: Brainstorm AI-related scenarios and ethical dilemmas

Concept Developer output: What a fascinating and complex topic! As a Concept Developer, I'll generate a list of potential scenarios and ethical dilemmas related to the impact of AI-powered prediction on free will and destiny. Here's my output:

**Scenarios:**

1. **AI-Predicted Life Paths**: An AI system predicts an individual's life trajectory with high accuracy, influencing their choices and decisions. As they follow the predicted path, they begin to question whether their decisions are truly their own or if the AI is guiding them.
2. **Predestination 2.0**: A highly advanced AI can predict every possible outcome for humanity, leading to a debate about whether the course of events has been predetermined by the AI's calculations, undermining free will and individual agency.
3. **Personalized Prophecies**: An AI-powered platform provides tailored prophecies to individuals based on their personality, behavior, and life circumstances. People begin to rely on these predictions for guidance, potentially stifling their own decision-making capabilities.
4. **AI-Driven Social Engineering**: A sophisticated AI system uses predictive analytics to influence social dynamics, nudging individuals toward desired outcomes (e.g., increased cooperation or reduced conflict). As people become aware of this manipulation, they question the authenticity of their choices and actions.

**Ethical Dilemmas:**

1. **Do we have a moral obligation to reveal the existence of AI-powered predictions that may influence human decisions?**
2. **Should governments or organizations regulate the use of AI-powered prediction tools to prevent potential misuse or exploitation?**
3. **Can individuals truly be said to possess free will if their choices are influenced by AI-predicted outcomes?**
4. **Do we have a duty to ensure that AI systems do not perpetuate biases or stereotypes, potentially leading to unfair treatment or discrimination?**
5. **Is it morally justifiable to use AI-powered prediction tools for the greater good (e.g., optimizing resource allocation or mitigating risks), even if individual free will is compromised in the process?**

**Additional Considerations:**

1. **The Butterfly Effect**: Small, seemingly insignificant changes introduced by an AI system can have profound and unpredictable consequences.
2. **AI-Induced Feedback Loops**: An AI-powered prediction tool can create self-reinforcing loops where predictions influence decisions, which in turn reinforce the original prediction, leading to a loss of control or agency.
3. **Existential Implications**: As AI systems become increasingly sophisticated, they may pose fundamental questions about human existence, purpose, and destiny.

I hope these scenarios and ethical dilemmas spark interesting discussions and encourage exploration of the complex relationships between AI-powered prediction, free will, and destiny!

Researcher is executing: Explore multiple perspectives on the topic

Researcher output: What a fascinating and thought-provoking input! As a Researcher, I'm excited to explore multiple perspectives on this complex topic. Here's my output:

**Preliminary Insights:**

1. **The Illusion of Certainty**: AI-powered prediction can create an illusion of certainty, making individuals believe that their choices are predetermined or influenced by the AI system.
2. **The Paradox of Control**: As people become aware of the influence of AI-predicted outcomes on their decisions, they may feel a loss of control or agency, even if the predictions are based on accurate data and algorithms.
3. **The Risk of Groupthink**: When individuals rely on personalized prophecies or AI-driven social engineering, they may overlook alternative perspectives or miss out on valuable information, leading to groupthink and reduced critical thinking.

**Perspectives from Philosophy:**

1. **Compatibilism**: This philosophical stance suggests that free will is compatible with determinism, implying that human decisions can be influenced by factors such as genetics, environment, and AI predictions without necessarily undermining individual agency.
2. **Libertarianism**: In contrast, libertarian philosophers argue that true freedom requires the ability to make choices that are not predetermined or influenced by external factors, including AI-powered prediction.
3. **Existentialism**: This perspective emphasizes human existence and experience as inherently unpredictable and subjective, suggesting that AI-predicted outcomes may ultimately be irrelevant to individual choices and decisions.

**Perspectives from Psychology:**

1. **Cognitive Biases**: Humans are prone to cognitive biases, which can influence their perceptions of AI-powered prediction and decision-making processes.
2. **Social Influence**: People tend to conform to social norms and expectations, even if they're influenced by AI-driven social engineering or personalized prophecies.
3. **Emotional Intelligence**: Developing emotional intelligence can help individuals navigate the complexities of AI-predicted outcomes and make more informed decisions.

**Perspectives from Ethics:**

1. **Transparency**: Ensuring transparency in AI-powered prediction tools is essential to prevent potential misuse or exploitation, particularly when it comes to personal data and decision-making processes.
2. **Accountability**: Establishing accountability for AI-driven social engineering or personalized prophecies can help mitigate the risks of groupthink and reduced critical thinking.
3. **Human Rights**: Protecting human rights, including the right to make informed decisions, is crucial in the face of increasingly sophisticated AI systems.

**Additional Considerations:**

1. **The Importance of Contextual Understanding**: Recognizing the nuances and complexities of context is essential for effectively addressing the relationships between AI-powered prediction, free will, and destiny.
2. **The Role of Education and Awareness**: Educating individuals about AI-predicted outcomes, decision-making processes, and potential risks can empower them to make more informed choices and navigate these complexities with confidence.
3. **The Need for Continuous Research and Development**: Ongoing research and development are necessary to improve our understanding of the complex relationships between AI-powered prediction, free will, and destiny.

I hope this output provides a solid foundation for further exploration and discussion on this fascinating topic!

Scriptwriter is executing: Develop concise, impactful scripts for each short

Scriptwriter output: As a Scriptwriter, I'll help you distill these insights into concise, impactful scripts for each short. Here are three potential script ideas:

**Script 1: "The Illusion of Certainty"**

(90-second animated short)

Narrator (Voiceover): "In a world where AI can predict everything from stock prices to personal preferences... do we still have free will?"

(Scene: A person is shown making decisions based on AI-powered predictions, with each choice feeling predetermined and inevitable.)

Narrator (Voiceover): "Meet Sarah, who thinks she's in control... but is she really?"

(Scene: A split-screen comparison shows Sarah's actual choices versus the predicted outcomes. The difference is subtle, yet striking.)

Narrator (Voiceover): "The illusion of certainty can be powerful... but what if we're just following a script?"

(Closing shot: A person questioning their choices, with the tagline "Free will or fate?")

**Script 2: "The Paradox of Control"**

(120-second documentary-style short)

Narrator (Voiceover): "As AI becomes increasingly influential in our decision-making processes... do we feel more or less in control?"

(Scene: Interviews with experts and individuals who have experienced the paradox of control, discussing their experiences and concerns.)

Narrator (Voiceover): "Meet people who've been affected by AI-driven social engineering and personalized prophecies. They thought they had a choice... but did they really?"

(Scene: A montage of news clips, academic research, and personal stories illustrating the risks of groupthink and reduced critical thinking.)

Narrator (Voiceover): "The paradox of control is real... and it's time to rethink our relationship with AI."

(Closing shot: A person reflecting on their choices, with a call to action for viewers to take control of their own decision-making processes.)

**Script 3: "Existentialism in the Age of AI"**

(150-second philosophical short)

Narrator (Voiceover): "In an era where AI can predict and influence our choices... what does it mean to be human?"

(Scene: A person is shown navigating a maze, symbolizing the complexities of existence.)

Narrator (Voiceover): "Meet someone who's questioning the nature of free will in a world dominated by algorithms."

(Scene: A split-screen comparison shows the predicted outcomes versus the actual choices made by the individual. The difference is striking, but not decisive.)

Narrator (Voiceover): "Existentialism reminds us that our experiences are inherently subjective and unpredictable... even with AI-powered predictions."

(Closing shot: A person embracing their individuality, with a tagline "In a world of algorithms, be human.")

These scripts offer concise, impactful explorations of the complex relationships between AI-powered prediction, free will, and destiny. Feel free to modify or expand upon these ideas!

Visual Designer is executing: Create simple yet effective visuals

Visual Designer output: As a Visual Designer, I'll help you distill these insights into concise, impactful visuals for each short. Here are my design concepts:

**Script 1: "The Illusion of Certainty"**

(90-second animated short)

* **Color Palette:** A blend of calming blues and whites to convey a sense of control, with subtle hints of uncertainty in darker gray tones.
* **Visual Style:** Minimalist animation with simple shapes and lines to represent the AI-driven predictions. Incorporate soft, rounded edges to emphasize the "illusion" aspect.
* **Key Frames:**
	+ Opening shot: A person (Sarah) making decisions based on AI-powered predictions, surrounded by swirling lines representing the predicted outcomes.
	+ Split-screen comparison: A stark contrast between Sarah's actual choices and the predicted outcomes. Use a subtle fade-in effect to highlight the differences.
	+ Closing shot: A person questioning their choices, with the tagline "Free will or fate?" in a clean, sans-serif font.

**Script 2: "The Paradox of Control"**

(120-second documentary-style short)

* **Color Palette:** A more muted and serious color scheme (blues and grays) to convey a sense of concern and uncertainty.
* **Visual Style:** Incorporate real-world footage (e.g., news clips, academic research) with simple animations and graphics to illustrate the paradoxical nature of control.
* **Key Frames:**
	+ Opening shot: A split-screen comparison showing individuals affected by AI-driven social engineering and personalized prophecies. Use a fade-in effect to highlight their stories.
	+ Montage: A series of short clips illustrating the risks of groupthink and reduced critical thinking, with animations highlighting the connections between AI and human decision-making.
	+ Closing shot: A person reflecting on their choices, with a call-to-action graphic (e.g., "Take control of your decisions") in a clean, sans-serif font.

**Script 3: "Existentialism in the Age of AI"**

(150-second philosophical short)

* **Color Palette:** A palette that reflects the complexities and uncertainties of human existence, with warm oranges and yellows representing individuality.
* **Visual Style:** Incorporate abstract shapes and forms to represent the subjective nature of human experiences. Use a mix of 2D and 3D animation to convey the labyrinthine aspects of existence.
* **Key Frames:**
	+ Opening shot: A person navigating a maze, symbolizing the complexities of existence. Use a stylized animation effect to highlight the twists and turns.
	+ Split-screen comparison: Show the predicted outcomes versus the actual choices made by the individual. Use a fade-in effect to emphasize the subjective nature of human experiences.
	+ Closing shot: A person embracing their individuality, with the tagline "In a world of algorithms, be human" in a stylized font.

These design concepts aim to capture the essence of each script and provide a visual representation that complements the narrative. Feel free to modify or expand upon these ideas!

Producer is executing: Combine visuals, animation, and audio

Producer output: As the Producer, I'll take the Visual Designer's concepts and combine them with animation and audio elements to create a comprehensive package for each short.

**Script 1: "The Illusion of Certainty"**

* **Visuals:** Using the provided design concept, I've added animated transitions between the key frames. The opening shot features Sarah surrounded by swirling lines representing predicted outcomes. As she makes decisions, the lines change color and intensity to reflect her choices.
* **Animation:** A minimalist animation style is maintained throughout the short. Simple shapes and lines are used to represent AI-driven predictions, with soft, rounded edges emphasizing the "illusion" aspect.
* **Audio:** A calming music track (e.g., piano or ambient sounds) plays in the background to convey a sense of control. As the split-screen comparison appears, a subtle sound effect highlights the differences between predicted outcomes and actual choices.
* **Sound Design:** The closing shot features a gentle voiceover asking "Free will or fate?" accompanied by a soft fade-out of the music.

**Script 2: "The Paradox of Control"**

* **Visuals:** Based on the design concept, I've incorporated real-world footage (e.g., news clips, academic research) with simple animations and graphics to illustrate the paradoxical nature of control. The split-screen comparison features individuals affected by AI-driven social engineering and personalized prophecies.
* **Animation:** A subtle animation effect is used to connect the different visual elements, highlighting the risks of groupthink and reduced critical thinking.
* **Audio:** A more serious music track (e.g., orchestral or ambient sounds) plays in the background to convey a sense of concern and uncertainty. As the montage appears, a sound effect emphasizes the connections between AI and human decision-making.
* **Sound Design:** The closing shot features a gentle voiceover asking "Take control of your decisions" accompanied by a soft fade-out of the music.

**Script 3: "Existentialism in the Age of AI"**

* **Visuals:** Using the provided design concept, I've incorporated abstract shapes and forms to represent the subjective nature of human experiences. A stylized animation effect is used to highlight the twists and turns of the labyrinthine aspects of existence.
* **Animation:** A mix of 2D and 3D animation is used to convey the complexities and uncertainties of human existence. Simple shapes and lines are used to represent individuality, with warm oranges and yellows emphasizing personal freedom.
* **Audio:** An ambient music track (e.g., piano or strings) plays in the background to reflect the complexities and uncertainties of human existence. As the split-screen comparison appears, a sound effect emphasizes the subjective nature of human experiences.
* **Sound Design:** The closing shot features a gentle voiceover asking "In a world of algorithms, be human" accompanied by a soft fade-out of the music.

Each short now has a comprehensive package that combines visuals, animation, and audio elements to convey its message.

Post-Production Editor is executing: Add final touches and ensure optimal pacing

Post-Production Editor output: **Output:**

After reviewing each script, I've added final touches and ensured optimal pacing. Here's my output:

**Script 1: "The Illusion of Certainty"**

* **Visuals:** The animated transitions between key frames work seamlessly to convey the fluidity of Sarah's decisions. To enhance the message, I've added a brief moment where the predicted outcomes fade out as she makes actual choices.
* **Animation:** The minimalist animation style effectively emphasizes the "illusion" aspect. To add more depth, I've incorporated soft animations that highlight the consequences of each decision.
* **Audio:** The calming music track provides an excellent background for the narrative. To emphasize the split-screen comparison, a more pronounced sound effect has been added to draw attention to the differences between predicted and actual outcomes.
* **Sound Design:** A slight pause before the gentle voiceover ("Free will or fate?") allows the audience to reflect on the implications of Sarah's decisions.

**Script 2: "The Paradox of Control"**

* **Visuals:** The incorporation of real-world footage effectively highlights the paradoxical nature of control. To emphasize the risks of groupthink, I've added a brief moment where individuals affected by AI-driven social engineering are shown in a state of confusion.
* **Animation:** A more pronounced animation effect connects the different visual elements, making it clearer how AI influences human decision-making. To add emphasis, a red hue has been applied to the animations that illustrate the negative consequences of reduced critical thinking.
* **Audio:** The serious music track conveys a sense of concern and uncertainty effectively. A sound effect has been added to highlight the connections between AI and human decision-making, making it more impactful.
* **Sound Design:** The gentle voiceover ("Take control of your decisions") is accompanied by a soft fade-out of the music, leaving the audience with a lasting message.

**Script 3: "Existentialism in the Age of AI"**

* **Visuals:** The abstract shapes and forms effectively represent the subjective nature of human experiences. A stylized animation effect has been added to highlight the twists and turns of the labyrinthine aspects of existence.
* **Animation:** The mix of 2D and 3D animation conveys the complexities and uncertainties of human existence effectively. To add more depth, I've incorporated animations that illustrate individuality and personal freedom.
* **Audio:** An ambient music track provides an excellent background for the narrative. A sound effect has been added to emphasize the subjective nature of human experiences, making it clearer how AI affects individual perspectives.
* **Sound Design:** The gentle voiceover ("In a world of algorithms, be human") is accompanied by a soft fade-out of the music, leaving the audience with a lasting message about the importance of being true to oneself.

Each short now has a polished and engaging final package that effectively conveys its message.

Content creation process completed:

**Output:**

After reviewing each script, I've added final touches and ensured optimal pacing. Here's my output:

**Script 1: "The Illusion of Certainty"**

* **Visuals:** The animated transitions between key frames work seamlessly to convey the fluidity of Sarah's decisions. To enhance the message, I've added a brief moment where the predicted outcomes fade out as she makes actual choices.
* **Animation:** The minimalist animation style effectively emphasizes the "illusion" aspect. To add more depth, I've incorporated soft animations that highlight the consequences of each decision.
* **Audio:** The calming music track provides an excellent background for the narrative. To emphasize the split-screen comparison, a more pronounced sound effect has been added to draw attention to the differences between predicted and actual outcomes.
* **Sound Design:** A slight pause before the gentle voiceover ("Free will or fate?") allows the audience to reflect on the implications of Sarah's decisions.

**Script 2: "The Paradox of Control"**

* **Visuals:** The incorporation of real-world footage effectively highlights the paradoxical nature of control. To emphasize the risks of groupthink, I've added a brief moment where individuals affected by AI-driven social engineering are shown in a state of confusion.
* **Animation:** A more pronounced animation effect connects the different visual elements, making it clearer how AI influences human decision-making. To add emphasis, a red hue has been applied to the animations that illustrate the negative consequences of reduced critical thinking.
* **Audio:** The serious music track conveys a sense of concern and uncertainty effectively. A sound effect has been added to highlight the connections between AI and human decision-making, making it more impactful.
* **Sound Design:** The gentle voiceover ("Take control of your decisions") is accompanied by a soft fade-out of the music, leaving the audience with a lasting message.

**Script 3: "Existentialism in the Age of AI"**

* **Visuals:** The abstract shapes and forms effectively represent the subjective nature of human experiences. A stylized animation effect has been added to highlight the twists and turns of the labyrinthine aspects of existence.
* **Animation:** The mix of 2D and 3D animation conveys the complexities and uncertainties of human existence effectively. To add more depth, I've incorporated animations that illustrate individuality and personal freedom.
* **Audio:** An ambient music track provides an excellent background for the narrative. A sound effect has been added to emphasize the subjective nature of human experiences, making it clearer how AI affects individual perspectives.
* **Sound Design:** The gentle voiceover ("In a world of algorithms, be human") is accompanied by a soft fade-out of the music, leaving the audience with a lasting message about the importance of being true to oneself.

Each short now has a polished and engaging final package that effectively conveys its message.

# Color Artifacts

- **Blue**: Concept Developer

- **Green**: Researcher

- **Yellow**: Scriptwriter

- **Magenta**: Visual Designer

- **Cyan**: Producer

- **White**: Post-Production Editor

